<?xml version="1.0" encoding="UTF-8"?>
<coverage generated="1689092021811" clover="3.2.0">
  <project timestamp="1689092021811" name="All files">
    <metrics statements="62" coveredstatements="52" conditionals="10" coveredconditionals="6" methods="26" coveredmethods="18" elements="98" coveredelements="76" complexity="0" loc="62" ncloc="62" packages="4" files="11" classes="11"/>
    <package name="src">
      <metrics statements="4" coveredstatements="4" conditionals="0" coveredconditionals="0" methods="0" coveredmethods="0"/>
      <file name="constants.js" path="C:\Users\HP\Desktop\Web Dev\React\src\constants.js">
        <metrics statements="4" coveredstatements="4" conditionals="0" coveredconditionals="0" methods="0" coveredmethods="0"/>
        <line num="2" count="1" type="stmt"/>
        <line num="4" count="1" type="stmt"/>
        <line num="6" count="1" type="stmt"/>
        <line num="8" count="1" type="stmt"/>
      </file>
    </package>
    <package name="src.components">
      <metrics statements="35" coveredstatements="31" conditionals="10" coveredconditionals="6" methods="15" coveredmethods="13"/>
      <file name="Body.js" path="C:\Users\HP\Desktop\Web Dev\React\src\components\Body.js">
        <metrics statements="20" coveredstatements="18" conditionals="6" coveredconditionals="4" methods="6" coveredmethods="6"/>
        <line num="8" count="1" type="stmt"/>
        <line num="10" count="8" type="stmt"/>
        <line num="11" count="7" type="stmt"/>
        <line num="12" count="7" type="stmt"/>
        <line num="15" count="7" type="stmt"/>
        <line num="16" count="3" type="stmt"/>
        <line num="21" count="3" type="stmt"/>
        <line num="22" count="3" type="stmt"/>
        <line num="24" count="3" type="stmt"/>
        <line num="25" count="3" type="stmt"/>
        <line num="28" count="7" type="stmt"/>
        <line num="29" count="7" type="cond" truecount="1" falsecount="1"/>
        <line num="30" count="0" type="stmt"/>
        <line num="33" count="7" type="cond" truecount="1" falsecount="1"/>
        <line num="34" count="0" type="stmt"/>
        <line num="38" count="7" type="cond" truecount="2" falsecount="0"/>
        <line num="50" count="1" type="stmt"/>
        <line num="57" count="1" type="stmt"/>
        <line num="58" count="1" type="stmt"/>
        <line num="70" count="49" type="stmt"/>
      </file>
      <file name="Header.js" path="C:\Users\HP\Desktop\Web Dev\React\src\components\Header.js">
        <metrics statements="9" coveredstatements="7" conditionals="4" coveredconditionals="2" methods="5" coveredmethods="3"/>
        <line num="6" count="1" type="stmt"/>
        <line num="7" count="3" type="stmt"/>
        <line num="20" count="1" type="stmt"/>
        <line num="21" count="3" type="stmt"/>
        <line num="22" count="3" type="stmt"/>
        <line num="23" count="6" type="stmt"/>
        <line num="25" count="3" type="stmt"/>
        <line num="56" count="0" type="stmt"/>
        <line num="58" count="0" type="stmt"/>
      </file>
      <file name="RestrauntCard.js" path="C:\Users\HP\Desktop\Web Dev\React\src\components\RestrauntCard.js">
        <metrics statements="2" coveredstatements="2" conditionals="0" coveredconditionals="0" methods="1" coveredmethods="1"/>
        <line num="3" count="1" type="stmt"/>
        <line num="4" count="49" type="stmt"/>
      </file>
      <file name="Shimmer.js" path="C:\Users\HP\Desktop\Web Dev\React\src\components\Shimmer.js">
        <metrics statements="3" coveredstatements="3" conditionals="0" coveredconditionals="0" methods="2" coveredmethods="2"/>
        <line num="3" count="1" type="stmt"/>
        <line num="4" count="3" type="stmt"/>
        <line num="7" count="30" type="stmt"/>
      </file>
      <file name="sum.js" path="C:\Users\HP\Desktop\Web Dev\React\src\components\sum.js">
        <metrics statements="1" coveredstatements="1" conditionals="0" coveredconditionals="0" methods="1" coveredmethods="1"/>
        <line num="1" count="1" type="stmt"/>
      </file>
    </package>
    <package name="src.mocks">
      <metrics statements="1" coveredstatements="1" conditionals="0" coveredconditionals="0" methods="0" coveredmethods="0"/>
      <file name="data.js" path="C:\Users\HP\Desktop\Web Dev\React\src\mocks\data.js">
        <metrics statements="1" coveredstatements="1" conditionals="0" coveredconditionals="0" methods="0" coveredmethods="0"/>
        <line num="2" count="1" type="stmt"/>
      </file>
    </package>
    <package name="src.utils">
      <metrics statements="22" coveredstatements="16" conditionals="0" coveredconditionals="0" methods="11" coveredmethods="5"/>
      <file name="cartSlice.js" path="C:\Users\HP\Desktop\Web Dev\React\src\utils\cartSlice.js">
        <metrics statements="6" coveredstatements="2" conditionals="0" coveredconditionals="0" methods="4" coveredmethods="0"/>
        <line num="4" count="2" type="stmt"/>
        <line num="11" count="0" type="stmt"/>
        <line num="14" count="0" type="stmt"/>
        <line num="15" count="0" type="stmt"/>
        <line num="18" count="0" type="stmt"/>
        <line num="23" count="2" type="stmt"/>
      </file>
      <file name="helper.js" path="C:\Users\HP\Desktop\Web Dev\React\src\utils\helper.js">
        <metrics statements="2" coveredstatements="2" conditionals="0" coveredconditionals="0" methods="2" coveredmethods="2"/>
        <line num="2" count="1" type="stmt"/>
        <line num="4" count="15" type="stmt"/>
      </file>
      <file name="store.js" path="C:\Users\HP\Desktop\Web Dev\React\src\utils\store.js">
        <metrics statements="1" coveredstatements="1" conditionals="0" coveredconditionals="0" methods="0" coveredmethods="0"/>
        <line num="4" count="2" type="stmt"/>
      </file>
      <file name="useOnline.js" path="C:\Users\HP\Desktop\Web Dev\React\src\utils\useOnline.js">
        <metrics statements="13" coveredstatements="11" conditionals="0" coveredconditionals="0" methods="5" coveredmethods="3"/>
        <line num="3" count="2" type="stmt"/>
        <line num="4" count="10" type="stmt"/>
        <line num="6" count="10" type="stmt"/>
        <line num="7" count="6" type="stmt"/>
        <line num="8" count="0" type="stmt"/>
        <line num="10" count="6" type="stmt"/>
        <line num="11" count="0" type="stmt"/>
        <line num="14" count="6" type="stmt"/>
        <line num="15" count="6" type="stmt"/>
        <line num="17" count="6" type="stmt"/>
        <line num="18" count="6" type="stmt"/>
        <line num="19" count="6" type="stmt"/>
        <line num="23" count="10" type="stmt"/>
      </file>
    </package>
  </project>
</coverage>
