{"C:\\Users\\HP\\Desktop\\Web Dev\\React\\src\\constants.js": {"path":"C:\\Users\\HP\\Desktop\\Web Dev\\React\\src\\constants.js","statementMap":{"0":{"start":{"line":2,"column":0},"end":{"line":2,"column":91}},"1":{"start":{"line":4,"column":28},"end":{"line":4,"column":76}},"2":{"start":{"line":6,"column":28},"end":{"line":6,"column":150}},"3":{"start":{"line":8,"column":29},"end":{"line":930,"column":1}}},"fnMap":{},"branchMap":{},"s":{"0":1,"1":1,"2":1,"3":1},"f":{},"b":{},"_coverageSchema":"1a1c01bbd47fc00a2c39e90264f33305004495a9","hash":"5d57a31062be2b083491b1cf2de4dd3dcc0724c1"}
,"C:\\Users\\HP\\Desktop\\Web Dev\\React\\src\\components\\Body.js": {"path":"C:\\Users\\HP\\Desktop\\Web Dev\\React\\src\\components\\Body.js","statementMap":{"0":{"start":{"line":8,"column":11},"end":{"line":81,"column":3}},"1":{"start":{"line":10,"column":43},"end":{"line":10,"column":55}},"2":{"start":{"line":11,"column":53},"end":{"line":11,"column":65}},"3":{"start":{"line":12,"column":37},"end":{"line":12,"column":49}},"4":{"start":{"line":15,"column":2},"end":{"line":18,"column":4}},"5":{"start":{"line":16,"column":4},"end":{"line":16,"column":23}},"6":{"start":{"line":21,"column":17},"end":{"line":21,"column":138}},"7":{"start":{"line":22,"column":17},"end":{"line":22,"column":34}},"8":{"start":{"line":24,"column":4},"end":{"line":24,"column":62}},"9":{"start":{"line":25,"column":4},"end":{"line":25,"column":67}},"10":{"start":{"line":28,"column":19},"end":{"line":28,"column":30}},"11":{"start":{"line":29,"column":2},"end":{"line":31,"column":3}},"12":{"start":{"line":30,"column":4},"end":{"line":30,"column":53}},"13":{"start":{"line":33,"column":2},"end":{"line":34,"column":16}},"14":{"start":{"line":34,"column":4},"end":{"line":34,"column":16}},"15":{"start":{"line":38,"column":0},"end":{"line":80,"column":4}},"16":{"start":{"line":50,"column":10},"end":{"line":50,"column":40}},"17":{"start":{"line":57,"column":25},"end":{"line":57,"column":61}},"18":{"start":{"line":58,"column":12},"end":{"line":58,"column":40}},"19":{"start":{"line":70,"column":10},"end":{"line":74,"column":11}}},"fnMap":{"0":{"name":"(anonymous_0)","decl":{"start":{"line":8,"column":11},"end":{"line":8,"column":12}},"loc":{"start":{"line":8,"column":15},"end":{"line":81,"column":3}},"line":8},"1":{"name":"(anonymous_1)","decl":{"start":{"line":15,"column":12},"end":{"line":15,"column":13}},"loc":{"start":{"line":15,"column":16},"end":{"line":17,"column":5}},"line":15},"2":{"name":"getAllRestraunts","decl":{"start":{"line":20,"column":17},"end":{"line":20,"column":33}},"loc":{"start":{"line":20,"column":35},"end":{"line":26,"column":3}},"line":20},"3":{"name":"(anonymous_3)","decl":{"start":{"line":49,"column":18},"end":{"line":49,"column":19}},"loc":{"start":{"line":49,"column":25},"end":{"line":51,"column":9}},"line":49},"4":{"name":"(anonymous_4)","decl":{"start":{"line":56,"column":17},"end":{"line":56,"column":18}},"loc":{"start":{"line":56,"column":22},"end":{"line":60,"column":9}},"line":56},"5":{"name":"(anonymous_5)","decl":{"start":{"line":69,"column":31},"end":{"line":69,"column":32}},"loc":{"start":{"line":69,"column":44},"end":{"line":75,"column":9}},"line":69}},"branchMap":{"0":{"loc":{"start":{"line":29,"column":2},"end":{"line":31,"column":3}},"type":"if","locations":[{"start":{"line":29,"column":2},"end":{"line":31,"column":3}},{"start":{},"end":{}}],"line":29},"1":{"loc":{"start":{"line":33,"column":2},"end":{"line":34,"column":16}},"type":"if","locations":[{"start":{"line":33,"column":2},"end":{"line":34,"column":16}},{"start":{},"end":{}}],"line":33},"2":{"loc":{"start":{"line":38,"column":7},"end":{"line":80,"column":3}},"type":"cond-expr","locations":[{"start":{"line":39,"column":1},"end":{"line":39,"column":11}},{"start":{"line":41,"column":2},"end":{"line":79,"column":7}}],"line":38}},"s":{"0":1,"1":8,"2":7,"3":7,"4":7,"5":3,"6":3,"7":3,"8":3,"9":3,"10":7,"11":7,"12":0,"13":7,"14":0,"15":7,"16":1,"17":1,"18":1,"19":49},"f":{"0":8,"1":3,"2":3,"3":1,"4":1,"5":49},"b":{"0":[0,7],"1":[0,7],"2":[3,4]},"_coverageSchema":"1a1c01bbd47fc00a2c39e90264f33305004495a9","hash":"ce05e4c3049a9534a349af51cd524bd4cca91a62"}
,"C:\\Users\\HP\\Desktop\\Web Dev\\React\\src\\components\\Header.js": {"path":"C:\\Users\\HP\\Desktop\\Web Dev\\React\\src\\components\\Header.js","statementMap":{"0":{"start":{"line":6,"column":14},"end":{"line":17,"column":1}},"1":{"start":{"line":7,"column":4},"end":{"line":16,"column":6}},"2":{"start":{"line":20,"column":15},"end":{"line":61,"column":2}},"3":{"start":{"line":21,"column":39},"end":{"line":21,"column":54}},"4":{"start":{"line":22,"column":19},"end":{"line":22,"column":30}},"5":{"start":{"line":23,"column":22},"end":{"line":23,"column":59}},"6":{"start":{"line":23,"column":42},"end":{"line":23,"column":58}},"7":{"start":{"line":25,"column":4},"end":{"line":61,"column":1}},"8":{"start":{"line":56,"column":33},"end":{"line":56,"column":53}},"9":{"start":{"line":58,"column":33},"end":{"line":58,"column":52}}},"fnMap":{"0":{"name":"(anonymous_0)","decl":{"start":{"line":6,"column":14},"end":{"line":6,"column":15}},"loc":{"start":{"line":6,"column":19},"end":{"line":17,"column":1}},"line":6},"1":{"name":"(anonymous_1)","decl":{"start":{"line":20,"column":15},"end":{"line":20,"column":16}},"loc":{"start":{"line":20,"column":20},"end":{"line":61,"column":2}},"line":20},"2":{"name":"(anonymous_2)","decl":{"start":{"line":23,"column":34},"end":{"line":23,"column":35}},"loc":{"start":{"line":23,"column":42},"end":{"line":23,"column":58}},"line":23},"3":{"name":"(anonymous_3)","decl":{"start":{"line":56,"column":29},"end":{"line":56,"column":30}},"loc":{"start":{"line":56,"column":33},"end":{"line":56,"column":53}},"line":56},"4":{"name":"(anonymous_4)","decl":{"start":{"line":58,"column":29},"end":{"line":58,"column":30}},"loc":{"start":{"line":58,"column":33},"end":{"line":58,"column":52}},"line":58}},"branchMap":{"0":{"loc":{"start":{"line":52,"column":13},"end":{"line":52,"column":38}},"type":"cond-expr","locations":[{"start":{"line":52,"column":20},"end":{"line":52,"column":28}},{"start":{"line":52,"column":29},"end":{"line":52,"column":38}}],"line":52},"1":{"loc":{"start":{"line":55,"column":13},"end":{"line":58,"column":69}},"type":"cond-expr","locations":[{"start":{"line":56,"column":12},"end":{"line":56,"column":70}},{"start":{"line":58,"column":12},"end":{"line":58,"column":68}}],"line":55}},"s":{"0":1,"1":3,"2":1,"3":3,"4":3,"5":3,"6":6,"7":3,"8":0,"9":0},"f":{"0":3,"1":3,"2":6,"3":0,"4":0},"b":{"0":[3,0],"1":[0,3]},"_coverageSchema":"1a1c01bbd47fc00a2c39e90264f33305004495a9","hash":"dc26adf73a24534b573819c74f7132a6e465d0dc"}
,"C:\\Users\\HP\\Desktop\\Web Dev\\React\\src\\components\\RestrauntCard.js": {"path":"C:\\Users\\HP\\Desktop\\Web Dev\\React\\src\\components\\RestrauntCard.js","statementMap":{"0":{"start":{"line":3,"column":22},"end":{"line":14,"column":3}},"1":{"start":{"line":4,"column":4},"end":{"line":13,"column":6}}},"fnMap":{"0":{"name":"(anonymous_0)","decl":{"start":{"line":3,"column":22},"end":{"line":3,"column":23}},"loc":{"start":{"line":3,"column":81},"end":{"line":14,"column":3}},"line":3}},"branchMap":{},"s":{"0":1,"1":49},"f":{"0":49},"b":{},"_coverageSchema":"1a1c01bbd47fc00a2c39e90264f33305004495a9","hash":"552a1b257afe6c79e7d94994d93894cee00c1f12"}
,"C:\\Users\\HP\\Desktop\\Web Dev\\React\\src\\components\\Shimmer.js": {"path":"C:\\Users\\HP\\Desktop\\Web Dev\\React\\src\\components\\Shimmer.js","statementMap":{"0":{"start":{"line":3,"column":16},"end":{"line":11,"column":1}},"1":{"start":{"line":4,"column":4},"end":{"line":10,"column":6}},"2":{"start":{"line":7,"column":16},"end":{"line":7,"column":90}}},"fnMap":{"0":{"name":"(anonymous_0)","decl":{"start":{"line":3,"column":16},"end":{"line":3,"column":17}},"loc":{"start":{"line":3,"column":21},"end":{"line":11,"column":1}},"line":3},"1":{"name":"(anonymous_1)","decl":{"start":{"line":6,"column":37},"end":{"line":6,"column":38}},"loc":{"start":{"line":7,"column":16},"end":{"line":7,"column":90}},"line":7}},"branchMap":{},"s":{"0":1,"1":3,"2":30},"f":{"0":3,"1":30},"b":{},"_coverageSchema":"1a1c01bbd47fc00a2c39e90264f33305004495a9","hash":"44051a67ba5b2d7dbfacd62f049c67508049d4f1"}
,"C:\\Users\\HP\\Desktop\\Web Dev\\React\\src\\components\\sum.js": {"path":"C:\\Users\\HP\\Desktop\\Web Dev\\React\\src\\components\\sum.js","statementMap":{"0":{"start":{"line":1,"column":18},"end":{"line":1,"column":29}},"1":{"start":{"line":1,"column":26},"end":{"line":1,"column":29}}},"fnMap":{"0":{"name":"(anonymous_0)","decl":{"start":{"line":1,"column":18},"end":{"line":1,"column":19}},"loc":{"start":{"line":1,"column":26},"end":{"line":1,"column":29}},"line":1}},"branchMap":{},"s":{"0":1,"1":1},"f":{"0":1},"b":{},"_coverageSchema":"1a1c01bbd47fc00a2c39e90264f33305004495a9","hash":"df459d2505d3ee48df02358f5fdfd0dd3c9f7db6"}
,"C:\\Users\\HP\\Desktop\\Web Dev\\React\\src\\mocks\\data.js": {"path":"C:\\Users\\HP\\Desktop\\Web Dev\\React\\src\\mocks\\data.js","statementMap":{"0":{"start":{"line":2,"column":0},"end":{"line":2414,"column":1}}},"fnMap":{},"branchMap":{},"s":{"0":1},"f":{},"b":{},"_coverageSchema":"1a1c01bbd47fc00a2c39e90264f33305004495a9","hash":"1ca6a2484f0b0005a9b65bdd2d0db682db6d83b0"}
,"C:\\Users\\HP\\Desktop\\Web Dev\\React\\src\\utils\\cartSlice.js": {"path":"C:\\Users\\HP\\Desktop\\Web Dev\\React\\src\\utils\\cartSlice.js","statementMap":{"0":{"start":{"line":4,"column":18},"end":{"line":21,"column":2}},"1":{"start":{"line":11,"column":12},"end":{"line":11,"column":45}},"2":{"start":{"line":14,"column":22},"end":{"line":14,"column":36}},"3":{"start":{"line":15,"column":12},"end":{"line":15,"column":69}},"4":{"start":{"line":15,"column":53},"end":{"line":15,"column":67}},"5":{"start":{"line":18,"column":12},"end":{"line":18,"column":29}},"6":{"start":{"line":23,"column":46},"end":{"line":23,"column":63}}},"fnMap":{"0":{"name":"(anonymous_0)","decl":{"start":{"line":10,"column":16},"end":{"line":10,"column":17}},"loc":{"start":{"line":10,"column":33},"end":{"line":12,"column":9}},"line":10},"1":{"name":"(anonymous_1)","decl":{"start":{"line":13,"column":19},"end":{"line":13,"column":20}},"loc":{"start":{"line":13,"column":36},"end":{"line":16,"column":9}},"line":13},"2":{"name":"(anonymous_2)","decl":{"start":{"line":15,"column":45},"end":{"line":15,"column":46}},"loc":{"start":{"line":15,"column":53},"end":{"line":15,"column":67}},"line":15},"3":{"name":"(anonymous_3)","decl":{"start":{"line":17,"column":18},"end":{"line":17,"column":19}},"loc":{"start":{"line":17,"column":28},"end":{"line":19,"column":9}},"line":17}},"branchMap":{},"s":{"0":2,"1":0,"2":0,"3":0,"4":0,"5":0,"6":2},"f":{"0":0,"1":0,"2":0,"3":0},"b":{},"_coverageSchema":"1a1c01bbd47fc00a2c39e90264f33305004495a9","hash":"7f77a29f015d9837e1a9a632d9f29c37b2e139a1"}
,"C:\\Users\\HP\\Desktop\\Web Dev\\React\\src\\utils\\helper.js": {"path":"C:\\Users\\HP\\Desktop\\Web Dev\\React\\src\\utils\\helper.js","statementMap":{"0":{"start":{"line":2,"column":4},"end":{"line":5,"column":6}},"1":{"start":{"line":4,"column":8},"end":{"line":4,"column":80}}},"fnMap":{"0":{"name":"filterData","decl":{"start":{"line":1,"column":16},"end":{"line":1,"column":26}},"loc":{"start":{"line":1,"column":49},"end":{"line":6,"column":3}},"line":1},"1":{"name":"(anonymous_1)","decl":{"start":{"line":3,"column":24},"end":{"line":3,"column":25}},"loc":{"start":{"line":4,"column":8},"end":{"line":4,"column":80}},"line":4}},"branchMap":{},"s":{"0":1,"1":15},"f":{"0":1,"1":15},"b":{},"_coverageSchema":"1a1c01bbd47fc00a2c39e90264f33305004495a9","hash":"56d3f382257664f0c8705bf6463e641727824d73"}
,"C:\\Users\\HP\\Desktop\\Web Dev\\React\\src\\utils\\store.js": {"path":"C:\\Users\\HP\\Desktop\\Web Dev\\React\\src\\utils\\store.js","statementMap":{"0":{"start":{"line":4,"column":14},"end":{"line":8,"column":2}}},"fnMap":{},"branchMap":{},"s":{"0":2},"f":{},"b":{},"_coverageSchema":"1a1c01bbd47fc00a2c39e90264f33305004495a9","hash":"ae5ed26fb2e772725c6e1be25d72e1380c59ffd9"}
,"C:\\Users\\HP\\Desktop\\Web Dev\\React\\src\\utils\\useOnline.js": {"path":"C:\\Users\\HP\\Desktop\\Web Dev\\React\\src\\utils\\useOnline.js","statementMap":{"0":{"start":{"line":3,"column":18},"end":{"line":24,"column":1}},"1":{"start":{"line":4,"column":35},"end":{"line":4,"column":49}},"2":{"start":{"line":6,"column":4},"end":{"line":21,"column":10}},"3":{"start":{"line":7,"column":29},"end":{"line":9,"column":9}},"4":{"start":{"line":8,"column":12},"end":{"line":8,"column":30}},"5":{"start":{"line":10,"column":30},"end":{"line":12,"column":9}},"6":{"start":{"line":11,"column":12},"end":{"line":11,"column":31}},"7":{"start":{"line":14,"column":8},"end":{"line":14,"column":55}},"8":{"start":{"line":15,"column":8},"end":{"line":15,"column":57}},"9":{"start":{"line":17,"column":8},"end":{"line":20,"column":9}},"10":{"start":{"line":18,"column":12},"end":{"line":18,"column":62}},"11":{"start":{"line":19,"column":12},"end":{"line":19,"column":64}},"12":{"start":{"line":23,"column":4},"end":{"line":23,"column":20}}},"fnMap":{"0":{"name":"(anonymous_0)","decl":{"start":{"line":3,"column":18},"end":{"line":3,"column":19}},"loc":{"start":{"line":3,"column":23},"end":{"line":24,"column":1}},"line":3},"1":{"name":"(anonymous_1)","decl":{"start":{"line":6,"column":14},"end":{"line":6,"column":15}},"loc":{"start":{"line":6,"column":18},"end":{"line":21,"column":5}},"line":6},"2":{"name":"(anonymous_2)","decl":{"start":{"line":7,"column":29},"end":{"line":7,"column":30}},"loc":{"start":{"line":7,"column":34},"end":{"line":9,"column":9}},"line":7},"3":{"name":"(anonymous_3)","decl":{"start":{"line":10,"column":30},"end":{"line":10,"column":31}},"loc":{"start":{"line":10,"column":35},"end":{"line":12,"column":9}},"line":10},"4":{"name":"(anonymous_4)","decl":{"start":{"line":17,"column":15},"end":{"line":17,"column":16}},"loc":{"start":{"line":17,"column":20},"end":{"line":20,"column":9}},"line":17}},"branchMap":{},"s":{"0":2,"1":10,"2":10,"3":6,"4":0,"5":6,"6":0,"7":6,"8":6,"9":6,"10":6,"11":6,"12":10},"f":{"0":10,"1":6,"2":0,"3":0,"4":6},"b":{},"_coverageSchema":"1a1c01bbd47fc00a2c39e90264f33305004495a9","hash":"98079f12fb4d0e1beae6841ec310239de3da6bd3"}
}
