TN:
SF:src\constants.js
FNF:0
FNH:0
DA:2,1
DA:4,1
DA:6,1
DA:8,1
LF:4
LH:4
BRF:0
BRH:0
end_of_record
TN:
SF:src\components\Body.js
FN:8,(anonymous_0)
FN:15,(anonymous_1)
FN:20,getAllRestraunts
FN:49,(anonymous_3)
FN:56,(anonymous_4)
FN:69,(anonymous_5)
FNF:6
FNH:6
FNDA:8,(anonymous_0)
FNDA:3,(anonymous_1)
FNDA:3,getAllRestraunts
FNDA:1,(anonymous_3)
FNDA:1,(anonymous_4)
FNDA:49,(anonymous_5)
DA:8,1
DA:10,8
DA:11,7
DA:12,7
DA:15,7
DA:16,3
DA:21,3
DA:22,3
DA:24,3
DA:25,3
DA:28,7
DA:29,7
DA:30,0
DA:33,7
DA:34,0
DA:38,7
DA:50,1
DA:57,1
DA:58,1
DA:70,49
LF:20
LH:18
BRDA:29,0,0,0
BRDA:29,0,1,7
BRDA:33,1,0,0
BRDA:33,1,1,7
BRDA:38,2,0,3
BRDA:38,2,1,4
BRF:6
BRH:4
end_of_record
TN:
SF:src\components\Header.js
FN:6,(anonymous_0)
FN:20,(anonymous_1)
FN:23,(anonymous_2)
FN:56,(anonymous_3)
FN:58,(anonymous_4)
FNF:5
FNH:3
FNDA:3,(anonymous_0)
FNDA:3,(anonymous_1)
FNDA:6,(anonymous_2)
FNDA:0,(anonymous_3)
FNDA:0,(anonymous_4)
DA:6,1
DA:7,3
DA:20,1
DA:21,3
DA:22,3
DA:23,6
DA:25,3
DA:56,0
DA:58,0
LF:9
LH:7
BRDA:52,0,0,3
BRDA:52,0,1,0
BRDA:55,1,0,0
BRDA:55,1,1,3
BRF:4
BRH:2
end_of_record
TN:
SF:src\components\RestrauntCard.js
FN:3,(anonymous_0)
FNF:1
FNH:1
FNDA:49,(anonymous_0)
DA:3,1
DA:4,49
LF:2
LH:2
BRF:0
BRH:0
end_of_record
TN:
SF:src\components\Shimmer.js
FN:3,(anonymous_0)
FN:6,(anonymous_1)
FNF:2
FNH:2
FNDA:3,(anonymous_0)
FNDA:30,(anonymous_1)
DA:3,1
DA:4,3
DA:7,30
LF:3
LH:3
BRF:0
BRH:0
end_of_record
TN:
SF:src\components\sum.js
FN:1,(anonymous_0)
FNF:1
FNH:1
FNDA:1,(anonymous_0)
DA:1,1
LF:1
LH:1
BRF:0
BRH:0
end_of_record
TN:
SF:src\mocks\data.js
FNF:0
FNH:0
DA:2,1
LF:1
LH:1
BRF:0
BRH:0
end_of_record
TN:
SF:src\utils\cartSlice.js
FN:10,(anonymous_0)
FN:13,(anonymous_1)
FN:15,(anonymous_2)
FN:17,(anonymous_3)
FNF:4
FNH:0
FNDA:0,(anonymous_0)
FNDA:0,(anonymous_1)
FNDA:0,(anonymous_2)
FNDA:0,(anonymous_3)
DA:4,2
DA:11,0
DA:14,0
DA:15,0
DA:18,0
DA:23,2
LF:6
LH:2
BRF:0
BRH:0
end_of_record
TN:
SF:src\utils\helper.js
FN:1,filterData
FN:3,(anonymous_1)
FNF:2
FNH:2
FNDA:1,filterData
FNDA:15,(anonymous_1)
DA:2,1
DA:4,15
LF:2
LH:2
BRF:0
BRH:0
end_of_record
TN:
SF:src\utils\store.js
FNF:0
FNH:0
DA:4,2
LF:1
LH:1
BRF:0
BRH:0
end_of_record
TN:
SF:src\utils\useOnline.js
FN:3,(anonymous_0)
FN:6,(anonymous_1)
FN:7,(anonymous_2)
FN:10,(anonymous_3)
FN:17,(anonymous_4)
FNF:5
FNH:3
FNDA:10,(anonymous_0)
FNDA:6,(anonymous_1)
FNDA:0,(anonymous_2)
FNDA:0,(anonymous_3)
FNDA:6,(anonymous_4)
DA:3,2
DA:4,10
DA:6,10
DA:7,6
DA:8,0
DA:10,6
DA:11,0
DA:14,6
DA:15,6
DA:17,6
DA:18,6
DA:19,6
DA:23,10
LF:13
LH:11
BRF:0
BRH:0
end_of_record
